  ClientNet.cpp
  Fortress.cpp
  Game.cpp
C:\Users\sinoh\Desktop\git\test_net\Kyu\Client\Fortress\Fortress.cpp(66,19): warning C4244: 'return': 'WPARAM'에서 'int'(으)로 변환하면서 데이터가 손실될 수 있습니다.
C:\Users\sinoh\Desktop\git\test_net\Kyu\Client\Fortress\Game.cpp(226,62): warning C4244: '인수': 'double'에서 'int'(으)로 변환하면서 데이터가 손실될 수 있습니다.
C:\Users\sinoh\Desktop\git\test_net\Kyu\Client\Fortress\Game.cpp(226,55): warning C4244: '인수': 'double'에서 'int'(으)로 변환하면서 데이터가 손실될 수 있습니다.
C:\Users\sinoh\Desktop\git\test_net\Kyu\Client\Fortress\Game.cpp(230,62): warning C4244: '인수': 'double'에서 'int'(으)로 변환하면서 데이터가 손실될 수 있습니다.
C:\Users\sinoh\Desktop\git\test_net\Kyu\Client\Fortress\Game.cpp(230,55): warning C4244: '인수': 'double'에서 'int'(으)로 변환하면서 데이터가 손실될 수 있습니다.
C:\Users\sinoh\Desktop\git\test_net\Kyu\Client\Fortress\Game.cpp(234,62): warning C4244: '인수': 'double'에서 'int'(으)로 변환하면서 데이터가 손실될 수 있습니다.
C:\Users\sinoh\Desktop\git\test_net\Kyu\Client\Fortress\Game.cpp(234,55): warning C4244: '인수': 'double'에서 'int'(으)로 변환하면서 데이터가 손실될 수 있습니다.
C:\Users\sinoh\Desktop\git\test_net\Kyu\Client\Fortress\Game.cpp(238,62): warning C4244: '인수': 'double'에서 'int'(으)로 변환하면서 데이터가 손실될 수 있습니다.
C:\Users\sinoh\Desktop\git\test_net\Kyu\Client\Fortress\Game.cpp(238,55): warning C4244: '인수': 'double'에서 'int'(으)로 변환하면서 데이터가 손실될 수 있습니다.
C:\Users\sinoh\Desktop\git\test_net\Kyu\Client\Fortress\Game.cpp(242,62): warning C4244: '인수': 'double'에서 'int'(으)로 변환하면서 데이터가 손실될 수 있습니다.
C:\Users\sinoh\Desktop\git\test_net\Kyu\Client\Fortress\Game.cpp(242,55): warning C4244: '인수': 'double'에서 'int'(으)로 변환하면서 데이터가 손실될 수 있습니다.
C:\Users\sinoh\Desktop\git\test_net\Kyu\Client\Fortress\Game.cpp(246,62): warning C4244: '인수': 'double'에서 'int'(으)로 변환하면서 데이터가 손실될 수 있습니다.
C:\Users\sinoh\Desktop\git\test_net\Kyu\Client\Fortress\Game.cpp(246,55): warning C4244: '인수': 'double'에서 'int'(으)로 변환하면서 데이터가 손실될 수 있습니다.
C:\Users\sinoh\Desktop\git\test_net\Kyu\Client\Fortress\Game.cpp(252,62): warning C4244: '인수': 'double'에서 'int'(으)로 변환하면서 데이터가 손실될 수 있습니다.
C:\Users\sinoh\Desktop\git\test_net\Kyu\Client\Fortress\Game.cpp(252,55): warning C4244: '인수': 'double'에서 'int'(으)로 변환하면서 데이터가 손실될 수 있습니다.
C:\Users\sinoh\Desktop\git\test_net\Kyu\Client\Fortress\Game.cpp(256,62): warning C4244: '인수': 'double'에서 'int'(으)로 변환하면서 데이터가 손실될 수 있습니다.
C:\Users\sinoh\Desktop\git\test_net\Kyu\Client\Fortress\Game.cpp(256,55): warning C4244: '인수': 'double'에서 'int'(으)로 변환하면서 데이터가 손실될 수 있습니다.
C:\Users\sinoh\Desktop\git\test_net\Kyu\Client\Fortress\Game.cpp(260,62): warning C4244: '인수': 'double'에서 'int'(으)로 변환하면서 데이터가 손실될 수 있습니다.
C:\Users\sinoh\Desktop\git\test_net\Kyu\Client\Fortress\Game.cpp(260,55): warning C4244: '인수': 'double'에서 'int'(으)로 변환하면서 데이터가 손실될 수 있습니다.
C:\Users\sinoh\Desktop\git\test_net\Kyu\Client\Fortress\Game.cpp(264,62): warning C4244: '인수': 'double'에서 'int'(으)로 변환하면서 데이터가 손실될 수 있습니다.
C:\Users\sinoh\Desktop\git\test_net\Kyu\Client\Fortress\Game.cpp(264,55): warning C4244: '인수': 'double'에서 'int'(으)로 변환하면서 데이터가 손실될 수 있습니다.
C:\Users\sinoh\Desktop\git\test_net\Kyu\Client\Fortress\Game.cpp(270,67): warning C4244: '인수': 'double'에서 'int'(으)로 변환하면서 데이터가 손실될 수 있습니다.
C:\Users\sinoh\Desktop\git\test_net\Kyu\Client\Fortress\Game.cpp(270,55): warning C4244: '인수': 'double'에서 'int'(으)로 변환하면서 데이터가 손실될 수 있습니다.
C:\Users\sinoh\Desktop\git\test_net\Kyu\Client\Fortress\Game.cpp(274,67): warning C4244: '인수': 'double'에서 'int'(으)로 변환하면서 데이터가 손실될 수 있습니다.
C:\Users\sinoh\Desktop\git\test_net\Kyu\Client\Fortress\Game.cpp(274,55): warning C4244: '인수': 'double'에서 'int'(으)로 변환하면서 데이터가 손실될 수 있습니다.
C:\Users\sinoh\Desktop\git\test_net\Kyu\Client\Fortress\Game.cpp(278,67): warning C4244: '인수': 'double'에서 'int'(으)로 변환하면서 데이터가 손실될 수 있습니다.
C:\Users\sinoh\Desktop\git\test_net\Kyu\Client\Fortress\Game.cpp(278,55): warning C4244: '인수': 'double'에서 'int'(으)로 변환하면서 데이터가 손실될 수 있습니다.
C:\Users\sinoh\Desktop\git\test_net\Kyu\Client\Fortress\Game.cpp(282,67): warning C4244: '인수': 'double'에서 'int'(으)로 변환하면서 데이터가 손실될 수 있습니다.
C:\Users\sinoh\Desktop\git\test_net\Kyu\Client\Fortress\Game.cpp(282,55): warning C4244: '인수': 'double'에서 'int'(으)로 변환하면서 데이터가 손실될 수 있습니다.
C:\Users\sinoh\Desktop\git\test_net\Kyu\Client\Fortress\Game.cpp(286,67): warning C4244: '인수': 'double'에서 'int'(으)로 변환하면서 데이터가 손실될 수 있습니다.
C:\Users\sinoh\Desktop\git\test_net\Kyu\Client\Fortress\Game.cpp(286,55): warning C4244: '인수': 'double'에서 'int'(으)로 변환하면서 데이터가 손실될 수 있습니다.
C:\Users\sinoh\Desktop\git\test_net\Kyu\Client\Fortress\Game.cpp(296,57): warning C4244: '인수': 'double'에서 'int'(으)로 변환하면서 데이터가 손실될 수 있습니다.
C:\Users\sinoh\Desktop\git\test_net\Kyu\Client\Fortress\Game.cpp(296,49): warning C4244: '인수': 'double'에서 'int'(으)로 변환하면서 데이터가 손실될 수 있습니다.
C:\Users\sinoh\Desktop\git\test_net\Kyu\Client\Fortress\Game.cpp(300,57): warning C4244: '인수': 'double'에서 'int'(으)로 변환하면서 데이터가 손실될 수 있습니다.
C:\Users\sinoh\Desktop\git\test_net\Kyu\Client\Fortress\Game.cpp(300,49): warning C4244: '인수': 'double'에서 'int'(으)로 변환하면서 데이터가 손실될 수 있습니다.
C:\Users\sinoh\Desktop\git\test_net\Kyu\Client\Fortress\Game.cpp(304,57): warning C4244: '인수': 'double'에서 'int'(으)로 변환하면서 데이터가 손실될 수 있습니다.
C:\Users\sinoh\Desktop\git\test_net\Kyu\Client\Fortress\Game.cpp(304,49): warning C4244: '인수': 'double'에서 'int'(으)로 변환하면서 데이터가 손실될 수 있습니다.
C:\Users\sinoh\Desktop\git\test_net\Kyu\Client\Fortress\Game.cpp(308,57): warning C4244: '인수': 'double'에서 'int'(으)로 변환하면서 데이터가 손실될 수 있습니다.
C:\Users\sinoh\Desktop\git\test_net\Kyu\Client\Fortress\Game.cpp(308,49): warning C4244: '인수': 'double'에서 'int'(으)로 변환하면서 데이터가 손실될 수 있습니다.
C:\Users\sinoh\Desktop\git\test_net\Kyu\Client\Fortress\Game.cpp(312,57): warning C4244: '인수': 'double'에서 'int'(으)로 변환하면서 데이터가 손실될 수 있습니다.
C:\Users\sinoh\Desktop\git\test_net\Kyu\Client\Fortress\Game.cpp(312,49): warning C4244: '인수': 'double'에서 'int'(으)로 변환하면서 데이터가 손실될 수 있습니다.
C:\Users\sinoh\Desktop\git\test_net\Kyu\Client\Fortress\Game.cpp(316,57): warning C4244: '인수': 'double'에서 'int'(으)로 변환하면서 데이터가 손실될 수 있습니다.
C:\Users\sinoh\Desktop\git\test_net\Kyu\Client\Fortress\Game.cpp(316,49): warning C4244: '인수': 'double'에서 'int'(으)로 변환하면서 데이터가 손실될 수 있습니다.
C:\Users\sinoh\Desktop\git\test_net\Kyu\Client\Fortress\Game.cpp(322,62): warning C4244: '인수': 'double'에서 'int'(으)로 변환하면서 데이터가 손실될 수 있습니다.
C:\Users\sinoh\Desktop\git\test_net\Kyu\Client\Fortress\Game.cpp(322,49): warning C4244: '인수': 'double'에서 'int'(으)로 변환하면서 데이터가 손실될 수 있습니다.
C:\Users\sinoh\Desktop\git\test_net\Kyu\Client\Fortress\Game.cpp(326,62): warning C4244: '인수': 'double'에서 'int'(으)로 변환하면서 데이터가 손실될 수 있습니다.
C:\Users\sinoh\Desktop\git\test_net\Kyu\Client\Fortress\Game.cpp(326,49): warning C4244: '인수': 'double'에서 'int'(으)로 변환하면서 데이터가 손실될 수 있습니다.
C:\Users\sinoh\Desktop\git\test_net\Kyu\Client\Fortress\Game.cpp(330,62): warning C4244: '인수': 'double'에서 'int'(으)로 변환하면서 데이터가 손실될 수 있습니다.
C:\Users\sinoh\Desktop\git\test_net\Kyu\Client\Fortress\Game.cpp(330,49): warning C4244: '인수': 'double'에서 'int'(으)로 변환하면서 데이터가 손실될 수 있습니다.
C:\Users\sinoh\Desktop\git\test_net\Kyu\Client\Fortress\Game.cpp(334,62): warning C4244: '인수': 'double'에서 'int'(으)로 변환하면서 데이터가 손실될 수 있습니다.
C:\Users\sinoh\Desktop\git\test_net\Kyu\Client\Fortress\Game.cpp(334,49): warning C4244: '인수': 'double'에서 'int'(으)로 변환하면서 데이터가 손실될 수 있습니다.
C:\Users\sinoh\Desktop\git\test_net\Kyu\Client\Fortress\Game.cpp(340,62): warning C4244: '인수': 'double'에서 'int'(으)로 변환하면서 데이터가 손실될 수 있습니다.
C:\Users\sinoh\Desktop\git\test_net\Kyu\Client\Fortress\Game.cpp(340,49): warning C4244: '인수': 'double'에서 'int'(으)로 변환하면서 데이터가 손실될 수 있습니다.
C:\Users\sinoh\Desktop\git\test_net\Kyu\Client\Fortress\Game.cpp(344,62): warning C4244: '인수': 'double'에서 'int'(으)로 변환하면서 데이터가 손실될 수 있습니다.
C:\Users\sinoh\Desktop\git\test_net\Kyu\Client\Fortress\Game.cpp(344,49): warning C4244: '인수': 'double'에서 'int'(으)로 변환하면서 데이터가 손실될 수 있습니다.
C:\Users\sinoh\Desktop\git\test_net\Kyu\Client\Fortress\Game.cpp(348,62): warning C4244: '인수': 'double'에서 'int'(으)로 변환하면서 데이터가 손실될 수 있습니다.
C:\Users\sinoh\Desktop\git\test_net\Kyu\Client\Fortress\Game.cpp(348,49): warning C4244: '인수': 'double'에서 'int'(으)로 변환하면서 데이터가 손실될 수 있습니다.
C:\Users\sinoh\Desktop\git\test_net\Kyu\Client\Fortress\Game.cpp(352,62): warning C4244: '인수': 'double'에서 'int'(으)로 변환하면서 데이터가 손실될 수 있습니다.
C:\Users\sinoh\Desktop\git\test_net\Kyu\Client\Fortress\Game.cpp(352,49): warning C4244: '인수': 'double'에서 'int'(으)로 변환하면서 데이터가 손실될 수 있습니다.
C:\Users\sinoh\Desktop\git\test_net\Kyu\Client\Fortress\Game.cpp(356,62): warning C4244: '인수': 'double'에서 'int'(으)로 변환하면서 데이터가 손실될 수 있습니다.
C:\Users\sinoh\Desktop\git\test_net\Kyu\Client\Fortress\Game.cpp(356,49): warning C4244: '인수': 'double'에서 'int'(으)로 변환하면서 데이터가 손실될 수 있습니다.
C:\Users\sinoh\Desktop\git\test_net\Kyu\Client\Fortress\Game.cpp(366,53): warning C4244: '인수': 'double'에서 'int'(으)로 변환하면서 데이터가 손실될 수 있습니다.
C:\Users\sinoh\Desktop\git\test_net\Kyu\Client\Fortress\Game.cpp(366,45): warning C4244: '인수': 'double'에서 'int'(으)로 변환하면서 데이터가 손실될 수 있습니다.
C:\Users\sinoh\Desktop\git\test_net\Kyu\Client\Fortress\Game.cpp(370,53): warning C4244: '인수': 'double'에서 'int'(으)로 변환하면서 데이터가 손실될 수 있습니다.
C:\Users\sinoh\Desktop\git\test_net\Kyu\Client\Fortress\Game.cpp(370,45): warning C4244: '인수': 'double'에서 'int'(으)로 변환하면서 데이터가 손실될 수 있습니다.
C:\Users\sinoh\Desktop\git\test_net\Kyu\Client\Fortress\Game.cpp(374,53): warning C4244: '인수': 'double'에서 'int'(으)로 변환하면서 데이터가 손실될 수 있습니다.
C:\Users\sinoh\Desktop\git\test_net\Kyu\Client\Fortress\Game.cpp(374,45): warning C4244: '인수': 'double'에서 'int'(으)로 변환하면서 데이터가 손실될 수 있습니다.
C:\Users\sinoh\Desktop\git\test_net\Kyu\Client\Fortress\Game.cpp(383,57): warning C4244: '인수': 'double'에서 'int'(으)로 변환하면서 데이터가 손실될 수 있습니다.
C:\Users\sinoh\Desktop\git\test_net\Kyu\Client\Fortress\Game.cpp(383,49): warning C4244: '인수': 'double'에서 'int'(으)로 변환하면서 데이터가 손실될 수 있습니다.
C:\Users\sinoh\Desktop\git\test_net\Kyu\Client\Fortress\Game.cpp(387,57): warning C4244: '인수': 'double'에서 'int'(으)로 변환하면서 데이터가 손실될 수 있습니다.
C:\Users\sinoh\Desktop\git\test_net\Kyu\Client\Fortress\Game.cpp(387,49): warning C4244: '인수': 'double'에서 'int'(으)로 변환하면서 데이터가 손실될 수 있습니다.
C:\Users\sinoh\Desktop\git\test_net\Kyu\Client\Fortress\Game.cpp(393,57): warning C4244: '인수': 'double'에서 'int'(으)로 변환하면서 데이터가 손실될 수 있습니다.
C:\Users\sinoh\Desktop\git\test_net\Kyu\Client\Fortress\Game.cpp(393,49): warning C4244: '인수': 'double'에서 'int'(으)로 변환하면서 데이터가 손실될 수 있습니다.
C:\Users\sinoh\Desktop\git\test_net\Kyu\Client\Fortress\Game.cpp(397,57): warning C4244: '인수': 'double'에서 'int'(으)로 변환하면서 데이터가 손실될 수 있습니다.
C:\Users\sinoh\Desktop\git\test_net\Kyu\Client\Fortress\Game.cpp(397,49): warning C4244: '인수': 'double'에서 'int'(으)로 변환하면서 데이터가 손실될 수 있습니다.
C:\Users\sinoh\Desktop\git\test_net\Kyu\Client\Fortress\Game.cpp(401,57): warning C4244: '인수': 'double'에서 'int'(으)로 변환하면서 데이터가 손실될 수 있습니다.
C:\Users\sinoh\Desktop\git\test_net\Kyu\Client\Fortress\Game.cpp(401,49): warning C4244: '인수': 'double'에서 'int'(으)로 변환하면서 데이터가 손실될 수 있습니다.
C:\Users\sinoh\Desktop\git\test_net\Kyu\Client\Fortress\Game.cpp(405,57): warning C4244: '인수': 'double'에서 'int'(으)로 변환하면서 데이터가 손실될 수 있습니다.
C:\Users\sinoh\Desktop\git\test_net\Kyu\Client\Fortress\Game.cpp(405,49): warning C4244: '인수': 'double'에서 'int'(으)로 변환하면서 데이터가 손실될 수 있습니다.
C:\Users\sinoh\Desktop\git\test_net\Kyu\Client\Fortress\Game.cpp(412,57): warning C4244: '인수': 'double'에서 'int'(으)로 변환하면서 데이터가 손실될 수 있습니다.
C:\Users\sinoh\Desktop\git\test_net\Kyu\Client\Fortress\Game.cpp(412,49): warning C4244: '인수': 'double'에서 'int'(으)로 변환하면서 데이터가 손실될 수 있습니다.
C:\Users\sinoh\Desktop\git\test_net\Kyu\Client\Fortress\Game.cpp(416,57): warning C4244: '인수': 'double'에서 'int'(으)로 변환하면서 데이터가 손실될 수 있습니다.
C:\Users\sinoh\Desktop\git\test_net\Kyu\Client\Fortress\Game.cpp(416,49): warning C4244: '인수': 'double'에서 'int'(으)로 변환하면서 데이터가 손실될 수 있습니다.
C:\Users\sinoh\Desktop\git\test_net\Kyu\Client\Fortress\Game.cpp(420,57): warning C4244: '인수': 'double'에서 'int'(으)로 변환하면서 데이터가 손실될 수 있습니다.
C:\Users\sinoh\Desktop\git\test_net\Kyu\Client\Fortress\Game.cpp(420,49): warning C4244: '인수': 'double'에서 'int'(으)로 변환하면서 데이터가 손실될 수 있습니다.
C:\Users\sinoh\Desktop\git\test_net\Kyu\Client\Fortress\Game.cpp(424,57): warning C4244: '인수': 'double'에서 'int'(으)로 변환하면서 데이터가 손실될 수 있습니다.
C:\Users\sinoh\Desktop\git\test_net\Kyu\Client\Fortress\Game.cpp(424,49): warning C4244: '인수': 'double'에서 'int'(으)로 변환하면서 데이터가 손실될 수 있습니다.
C:\Users\sinoh\Desktop\git\test_net\Kyu\Client\Fortress\Game.cpp(433,53): warning C4244: '인수': 'double'에서 'int'(으)로 변환하면서 데이터가 손실될 수 있습니다.
C:\Users\sinoh\Desktop\git\test_net\Kyu\Client\Fortress\Game.cpp(433,45): warning C4244: '인수': 'double'에서 'int'(으)로 변환하면서 데이터가 손실될 수 있습니다.
C:\Users\sinoh\Desktop\git\test_net\Kyu\Client\Fortress\Game.cpp(437,53): warning C4244: '인수': 'double'에서 'int'(으)로 변환하면서 데이터가 손실될 수 있습니다.
C:\Users\sinoh\Desktop\git\test_net\Kyu\Client\Fortress\Game.cpp(437,45): warning C4244: '인수': 'double'에서 'int'(으)로 변환하면서 데이터가 손실될 수 있습니다.
C:\Users\sinoh\Desktop\git\test_net\Kyu\Client\Fortress\Game.cpp(441,53): warning C4244: '인수': 'double'에서 'int'(으)로 변환하면서 데이터가 손실될 수 있습니다.
C:\Users\sinoh\Desktop\git\test_net\Kyu\Client\Fortress\Game.cpp(441,45): warning C4244: '인수': 'double'에서 'int'(으)로 변환하면서 데이터가 손실될 수 있습니다.
C:\Users\sinoh\Desktop\git\test_net\Kyu\Client\Fortress\Game.cpp(450,57): warning C4244: '인수': 'double'에서 'int'(으)로 변환하면서 데이터가 손실될 수 있습니다.
C:\Users\sinoh\Desktop\git\test_net\Kyu\Client\Fortress\Game.cpp(450,49): warning C4244: '인수': 'double'에서 'int'(으)로 변환하면서 데이터가 손실될 수 있습니다.
C:\Users\sinoh\Desktop\git\test_net\Kyu\Client\Fortress\Game.cpp(454,57): warning C4244: '인수': 'double'에서 'int'(으)로 변환하면서 데이터가 손실될 수 있습니다.
C:\Users\sinoh\Desktop\git\test_net\Kyu\Client\Fortress\Game.cpp(454,49): warning C4244: '인수': 'double'에서 'int'(으)로 변환하면서 데이터가 손실될 수 있습니다.
C:\Users\sinoh\Desktop\git\test_net\Kyu\Client\Fortress\Game.cpp(460,62): warning C4244: '인수': 'double'에서 'int'(으)로 변환하면서 데이터가 손실될 수 있습니다.
C:\Users\sinoh\Desktop\git\test_net\Kyu\Client\Fortress\Game.cpp(460,55): warning C4244: '인수': 'double'에서 'int'(으)로 변환하면서 데이터가 손실될 수 있습니다.
C:\Users\sinoh\Desktop\git\test_net\Kyu\Client\Fortress\Game.cpp(464,62): warning C4244: '인수': 'double'에서 'int'(으)로 변환하면서 데이터가 손실될 수 있습니다.
C:\Users\sinoh\Desktop\git\test_net\Kyu\Client\Fortress\Game.cpp(464,55): warning C4244: '인수': 'double'에서 'int'(으)로 변환하면서 데이터가 손실될 수 있습니다.
C:\Users\sinoh\Desktop\git\test_net\Kyu\Client\Fortress\Game.cpp(468,62): warning C4244: '인수': 'double'에서 'int'(으)로 변환하면서 데이터가 손실될 수 있습니다.
C:\Users\sinoh\Desktop\git\test_net\Kyu\Client\Fortress\Game.cpp(468,55): warning C4244: '인수': 'double'에서 'int'(으)로 변환하면서 데이터가 손실될 수 있습니다.
C:\Users\sinoh\Desktop\git\test_net\Kyu\Client\Fortress\Game.cpp(472,62): warning C4244: '인수': 'double'에서 'int'(으)로 변환하면서 데이터가 손실될 수 있습니다.
C:\Users\sinoh\Desktop\git\test_net\Kyu\Client\Fortress\Game.cpp(472,55): warning C4244: '인수': 'double'에서 'int'(으)로 변환하면서 데이터가 손실될 수 있습니다.
C:\Users\sinoh\Desktop\git\test_net\Kyu\Client\Fortress\Game.cpp(479,62): warning C4244: '인수': 'double'에서 'int'(으)로 변환하면서 데이터가 손실될 수 있습니다.
C:\Users\sinoh\Desktop\git\test_net\Kyu\Client\Fortress\Game.cpp(479,55): warning C4244: '인수': 'double'에서 'int'(으)로 변환하면서 데이터가 손실될 수 있습니다.
C:\Users\sinoh\Desktop\git\test_net\Kyu\Client\Fortress\Game.cpp(483,62): warning C4244: '인수': 'double'에서 'int'(으)로 변환하면서 데이터가 손실될 수 있습니다.
C:\Users\sinoh\Desktop\git\test_net\Kyu\Client\Fortress\Game.cpp(483,55): warning C4244: '인수': 'double'에서 'int'(으)로 변환하면서 데이터가 손실될 수 있습니다.
C:\Users\sinoh\Desktop\git\test_net\Kyu\Client\Fortress\Game.cpp(487,62): warning C4244: '인수': 'double'에서 'int'(으)로 변환하면서 데이터가 손실될 수 있습니다.
C:\Users\sinoh\Desktop\git\test_net\Kyu\Client\Fortress\Game.cpp(487,55): warning C4244: '인수': 'double'에서 'int'(으)로 변환하면서 데이터가 손실될 수 있습니다.
C:\Users\sinoh\Desktop\git\test_net\Kyu\Client\Fortress\Game.cpp(491,62): warning C4244: '인수': 'double'에서 'int'(으)로 변환하면서 데이터가 손실될 수 있습니다.
C:\Users\sinoh\Desktop\git\test_net\Kyu\Client\Fortress\Game.cpp(491,55): warning C4244: '인수': 'double'에서 'int'(으)로 변환하면서 데이터가 손실될 수 있습니다.
C:\Users\sinoh\Desktop\git\test_net\Kyu\Client\Fortress\Game.cpp(502,62): warning C4244: '인수': 'double'에서 'int'(으)로 변환하면서 데이터가 손실될 수 있습니다.
C:\Users\sinoh\Desktop\git\test_net\Kyu\Client\Fortress\Game.cpp(502,55): warning C4244: '인수': 'double'에서 'int'(으)로 변환하면서 데이터가 손실될 수 있습니다.
C:\Users\sinoh\Desktop\git\test_net\Kyu\Client\Fortress\Game.cpp(506,62): warning C4244: '인수': 'double'에서 'int'(으)로 변환하면서 데이터가 손실될 수 있습니다.
C:\Users\sinoh\Desktop\git\test_net\Kyu\Client\Fortress\Game.cpp(506,55): warning C4244: '인수': 'double'에서 'int'(으)로 변환하면서 데이터가 손실될 수 있습니다.
C:\Users\sinoh\Desktop\git\test_net\Kyu\Client\Fortress\Game.cpp(510,62): warning C4244: '인수': 'double'에서 'int'(으)로 변환하면서 데이터가 손실될 수 있습니다.
C:\Users\sinoh\Desktop\git\test_net\Kyu\Client\Fortress\Game.cpp(510,55): warning C4244: '인수': 'double'에서 'int'(으)로 변환하면서 데이터가 손실될 수 있습니다.
C:\Users\sinoh\Desktop\git\test_net\Kyu\Client\Fortress\Game.cpp(514,62): warning C4244: '인수': 'double'에서 'int'(으)로 변환하면서 데이터가 손실될 수 있습니다.
C:\Users\sinoh\Desktop\git\test_net\Kyu\Client\Fortress\Game.cpp(514,55): warning C4244: '인수': 'double'에서 'int'(으)로 변환하면서 데이터가 손실될 수 있습니다.
C:\Users\sinoh\Desktop\git\test_net\Kyu\Client\Fortress\Game.cpp(518,62): warning C4244: '인수': 'double'에서 'int'(으)로 변환하면서 데이터가 손실될 수 있습니다.
C:\Users\sinoh\Desktop\git\test_net\Kyu\Client\Fortress\Game.cpp(518,55): warning C4244: '인수': 'double'에서 'int'(으)로 변환하면서 데이터가 손실될 수 있습니다.
C:\Users\sinoh\Desktop\git\test_net\Kyu\Client\Fortress\Game.cpp(522,67): warning C4244: '인수': 'double'에서 'int'(으)로 변환하면서 데이터가 손실될 수 있습니다.
C:\Users\sinoh\Desktop\git\test_net\Kyu\Client\Fortress\Game.cpp(522,55): warning C4244: '인수': 'double'에서 'int'(으)로 변환하면서 데이터가 손실될 수 있습니다.
C:\Users\sinoh\Desktop\git\test_net\Kyu\Client\Fortress\Game.cpp(528,67): warning C4244: '인수': 'double'에서 'int'(으)로 변환하면서 데이터가 손실될 수 있습니다.
C:\Users\sinoh\Desktop\git\test_net\Kyu\Client\Fortress\Game.cpp(528,55): warning C4244: '인수': 'double'에서 'int'(으)로 변환하면서 데이터가 손실될 수 있습니다.
C:\Users\sinoh\Desktop\git\test_net\Kyu\Client\Fortress\Game.cpp(532,67): warning C4244: '인수': 'double'에서 'int'(으)로 변환하면서 데이터가 손실될 수 있습니다.
C:\Users\sinoh\Desktop\git\test_net\Kyu\Client\Fortress\Game.cpp(532,55): warning C4244: '인수': 'double'에서 'int'(으)로 변환하면서 데이터가 손실될 수 있습니다.
C:\Users\sinoh\Desktop\git\test_net\Kyu\Client\Fortress\Game.cpp(536,67): warning C4244: '인수': 'double'에서 'int'(으)로 변환하면서 데이터가 손실될 수 있습니다.
C:\Users\sinoh\Desktop\git\test_net\Kyu\Client\Fortress\Game.cpp(536,55): warning C4244: '인수': 'double'에서 'int'(으)로 변환하면서 데이터가 손실될 수 있습니다.
C:\Users\sinoh\Desktop\git\test_net\Kyu\Client\Fortress\Game.cpp(540,67): warning C4244: '인수': 'double'에서 'int'(으)로 변환하면서 데이터가 손실될 수 있습니다.
C:\Users\sinoh\Desktop\git\test_net\Kyu\Client\Fortress\Game.cpp(540,55): warning C4244: '인수': 'double'에서 'int'(으)로 변환하면서 데이터가 손실될 수 있습니다.
C:\Users\sinoh\Desktop\git\test_net\Kyu\Client\Fortress\Game.cpp(546,67): warning C4244: '인수': 'double'에서 'int'(으)로 변환하면서 데이터가 손실될 수 있습니다.
C:\Users\sinoh\Desktop\git\test_net\Kyu\Client\Fortress\Game.cpp(546,55): warning C4244: '인수': 'double'에서 'int'(으)로 변환하면서 데이터가 손실될 수 있습니다.
C:\Users\sinoh\Desktop\git\test_net\Kyu\Client\Fortress\Game.cpp(550,67): warning C4244: '인수': 'double'에서 'int'(으)로 변환하면서 데이터가 손실될 수 있습니다.
C:\Users\sinoh\Desktop\git\test_net\Kyu\Client\Fortress\Game.cpp(550,55): warning C4244: '인수': 'double'에서 'int'(으)로 변환하면서 데이터가 손실될 수 있습니다.
C:\Users\sinoh\Desktop\git\test_net\Kyu\Client\Fortress\Game.cpp(554,67): warning C4244: '인수': 'double'에서 'int'(으)로 변환하면서 데이터가 손실될 수 있습니다.
C:\Users\sinoh\Desktop\git\test_net\Kyu\Client\Fortress\Game.cpp(554,55): warning C4244: '인수': 'double'에서 'int'(으)로 변환하면서 데이터가 손실될 수 있습니다.
C:\Users\sinoh\Desktop\git\test_net\Kyu\Client\Fortress\Game.cpp(558,67): warning C4244: '인수': 'double'에서 'int'(으)로 변환하면서 데이터가 손실될 수 있습니다.
C:\Users\sinoh\Desktop\git\test_net\Kyu\Client\Fortress\Game.cpp(558,55): warning C4244: '인수': 'double'에서 'int'(으)로 변환하면서 데이터가 손실될 수 있습니다.
C:\Users\sinoh\Desktop\git\test_net\Kyu\Client\Fortress\Game.cpp(562,67): warning C4244: '인수': 'double'에서 'int'(으)로 변환하면서 데이터가 손실될 수 있습니다.
C:\Users\sinoh\Desktop\git\test_net\Kyu\Client\Fortress\Game.cpp(562,55): warning C4244: '인수': 'double'에서 'int'(으)로 변환하면서 데이터가 손실될 수 있습니다.
C:\Users\sinoh\Desktop\git\test_net\Kyu\Client\Fortress\Game.cpp(572,57): warning C4244: '인수': 'double'에서 'int'(으)로 변환하면서 데이터가 손실될 수 있습니다.
C:\Users\sinoh\Desktop\git\test_net\Kyu\Client\Fortress\Game.cpp(572,49): warning C4244: '인수': 'double'에서 'int'(으)로 변환하면서 데이터가 손실될 수 있습니다.
C:\Users\sinoh\Desktop\git\test_net\Kyu\Client\Fortress\Game.cpp(576,57): warning C4244: '인수': 'double'에서 'int'(으)로 변환하면서 데이터가 손실될 수 있습니다.
C:\Users\sinoh\Desktop\git\test_net\Kyu\Client\Fortress\Game.cpp(576,49): warning C4244: '인수': 'double'에서 'int'(으)로 변환하면서 데이터가 손실될 수 있습니다.
C:\Users\sinoh\Desktop\git\test_net\Kyu\Client\Fortress\Game.cpp(580,57): warning C4244: '인수': 'double'에서 'int'(으)로 변환하면서 데이터가 손실될 수 있습니다.
C:\Users\sinoh\Desktop\git\test_net\Kyu\Client\Fortress\Game.cpp(580,49): warning C4244: '인수': 'double'에서 'int'(으)로 변환하면서 데이터가 손실될 수 있습니다.
C:\Users\sinoh\Desktop\git\test_net\Kyu\Client\Fortress\Game.cpp(584,57): warning C4244: '인수': 'double'에서 'int'(으)로 변환하면서 데이터가 손실될 수 있습니다.
C:\Users\sinoh\Desktop\git\test_net\Kyu\Client\Fortress\Game.cpp(584,49): warning C4244: '인수': 'double'에서 'int'(으)로 변환하면서 데이터가 손실될 수 있습니다.
C:\Users\sinoh\Desktop\git\test_net\Kyu\Client\Fortress\Game.cpp(588,57): warning C4244: '인수': 'double'에서 'int'(으)로 변환하면서 데이터가 손실될 수 있습니다.
C:\Users\sinoh\Desktop\git\test_net\Kyu\Client\Fortress\Game.cpp(588,49): warning C4244: '인수': 'double'에서 'int'(으)로 변환하면서 데이터가 손실될 수 있습니다.
C:\Users\sinoh\Desktop\git\test_net\Kyu\Client\Fortress\Game.cpp(592,57): warning C4244: '인수': 'double'에서 'int'(으)로 변환하면서 데이터가 손실될 수 있습니다.
C:\Users\sinoh\Desktop\git\test_net\Kyu\Client\Fortress\Game.cpp(592,49): warning C4244: '인수': 'double'에서 'int'(으)로 변환하면서 데이터가 손실될 수 있습니다.
C:\Users\sinoh\Desktop\git\test_net\Kyu\Client\Fortress\Game.cpp(598,62): warning C4244: '인수': 'double'에서 'int'(으)로 변환하면서 데이터가 손실될 수 있습니다.
C:\Users\sinoh\Desktop\git\test_net\Kyu\Client\Fortress\Game.cpp(598,49): warning C4244: '인수': 'double'에서 'int'(으)로 변환하면서 데이터가 손실될 수 있습니다.
C:\Users\sinoh\Desktop\git\test_net\Kyu\Client\Fortress\Game.cpp(602,62): warning C4244: '인수': 'double'에서 'int'(으)로 변환하면서 데이터가 손실될 수 있습니다.
C:\Users\sinoh\Desktop\git\test_net\Kyu\Client\Fortress\Game.cpp(602,49): warning C4244: '인수': 'double'에서 'int'(으)로 변환하면서 데이터가 손실될 수 있습니다.
C:\Users\sinoh\Desktop\git\test_net\Kyu\Client\Fortress\Game.cpp(606,62): warning C4244: '인수': 'double'에서 'int'(으)로 변환하면서 데이터가 손실될 수 있습니다.
C:\Users\sinoh\Desktop\git\test_net\Kyu\Client\Fortress\Game.cpp(606,49): warning C4244: '인수': 'double'에서 'int'(으)로 변환하면서 데이터가 손실될 수 있습니다.
C:\Users\sinoh\Desktop\git\test_net\Kyu\Client\Fortress\Game.cpp(610,62): warning C4244: '인수': 'double'에서 'int'(으)로 변환하면서 데이터가 손실될 수 있습니다.
C:\Users\sinoh\Desktop\git\test_net\Kyu\Client\Fortress\Game.cpp(610,49): warning C4244: '인수': 'double'에서 'int'(으)로 변환하면서 데이터가 손실될 수 있습니다.
C:\Users\sinoh\Desktop\git\test_net\Kyu\Client\Fortress\Game.cpp(616,62): warning C4244: '인수': 'double'에서 'int'(으)로 변환하면서 데이터가 손실될 수 있습니다.
C:\Users\sinoh\Desktop\git\test_net\Kyu\Client\Fortress\Game.cpp(616,49): warning C4244: '인수': 'double'에서 'int'(으)로 변환하면서 데이터가 손실될 수 있습니다.
C:\Users\sinoh\Desktop\git\test_net\Kyu\Client\Fortress\Game.cpp(620,62): warning C4244: '인수': 'double'에서 'int'(으)로 변환하면서 데이터가 손실될 수 있습니다.
C:\Users\sinoh\Desktop\git\test_net\Kyu\Client\Fortress\Game.cpp(620,49): warning C4244: '인수': 'double'에서 'int'(으)로 변환하면서 데이터가 손실될 수 있습니다.
C:\Users\sinoh\Desktop\git\test_net\Kyu\Client\Fortress\Game.cpp(624,62): warning C4244: '인수': 'double'에서 'int'(으)로 변환하면서 데이터가 손실될 수 있습니다.
C:\Users\sinoh\Desktop\git\test_net\Kyu\Client\Fortress\Game.cpp(624,49): warning C4244: '인수': 'double'에서 'int'(으)로 변환하면서 데이터가 손실될 수 있습니다.
C:\Users\sinoh\Desktop\git\test_net\Kyu\Client\Fortress\Game.cpp(628,62): warning C4244: '인수': 'double'에서 'int'(으)로 변환하면서 데이터가 손실될 수 있습니다.
C:\Users\sinoh\Desktop\git\test_net\Kyu\Client\Fortress\Game.cpp(628,49): warning C4244: '인수': 'double'에서 'int'(으)로 변환하면서 데이터가 손실될 수 있습니다.
C:\Users\sinoh\Desktop\git\test_net\Kyu\Client\Fortress\Game.cpp(632,62): warning C4244: '인수': 'double'에서 'int'(으)로 변환하면서 데이터가 손실될 수 있습니다.
C:\Users\sinoh\Desktop\git\test_net\Kyu\Client\Fortress\Game.cpp(632,49): warning C4244: '인수': 'double'에서 'int'(으)로 변환하면서 데이터가 손실될 수 있습니다.
C:\Users\sinoh\Desktop\git\test_net\Kyu\Client\Fortress\Game.cpp(641,53): warning C4244: '인수': 'double'에서 'int'(으)로 변환하면서 데이터가 손실될 수 있습니다.
C:\Users\sinoh\Desktop\git\test_net\Kyu\Client\Fortress\Game.cpp(641,45): warning C4244: '인수': 'double'에서 'int'(으)로 변환하면서 데이터가 손실될 수 있습니다.
C:\Users\sinoh\Desktop\git\test_net\Kyu\Client\Fortress\Game.cpp(645,53): warning C4244: '인수': 'double'에서 'int'(으)로 변환하면서 데이터가 손실될 수 있습니다.
C:\Users\sinoh\Desktop\git\test_net\Kyu\Client\Fortress\Game.cpp(645,45): warning C4244: '인수': 'double'에서 'int'(으)로 변환하면서 데이터가 손실될 수 있습니다.
C:\Users\sinoh\Desktop\git\test_net\Kyu\Client\Fortress\Game.cpp(649,53): warning C4244: '인수': 'double'에서 'int'(으)로 변환하면서 데이터가 손실될 수 있습니다.
C:\Users\sinoh\Desktop\git\test_net\Kyu\Client\Fortress\Game.cpp(649,45): warning C4244: '인수': 'double'에서 'int'(으)로 변환하면서 데이터가 손실될 수 있습니다.
C:\Users\sinoh\Desktop\git\test_net\Kyu\Client\Fortress\Game.cpp(658,57): warning C4244: '인수': 'double'에서 'int'(으)로 변환하면서 데이터가 손실될 수 있습니다.
C:\Users\sinoh\Desktop\git\test_net\Kyu\Client\Fortress\Game.cpp(658,49): warning C4244: '인수': 'double'에서 'int'(으)로 변환하면서 데이터가 손실될 수 있습니다.
C:\Users\sinoh\Desktop\git\test_net\Kyu\Client\Fortress\Game.cpp(662,57): warning C4244: '인수': 'double'에서 'int'(으)로 변환하면서 데이터가 손실될 수 있습니다.
C:\Users\sinoh\Desktop\git\test_net\Kyu\Client\Fortress\Game.cpp(662,49): warning C4244: '인수': 'double'에서 'int'(으)로 변환하면서 데이터가 손실될 수 있습니다.
C:\Users\sinoh\Desktop\git\test_net\Kyu\Client\Fortress\Game.cpp(668,62): warning C4244: '인수': 'double'에서 'int'(으)로 변환하면서 데이터가 손실될 수 있습니다.
C:\Users\sinoh\Desktop\git\test_net\Kyu\Client\Fortress\Game.cpp(668,55): warning C4244: '인수': 'double'에서 'int'(으)로 변환하면서 데이터가 손실될 수 있습니다.
C:\Users\sinoh\Desktop\git\test_net\Kyu\Client\Fortress\Game.cpp(672,62): warning C4244: '인수': 'double'에서 'int'(으)로 변환하면서 데이터가 손실될 수 있습니다.
C:\Users\sinoh\Desktop\git\test_net\Kyu\Client\Fortress\Game.cpp(672,55): warning C4244: '인수': 'double'에서 'int'(으)로 변환하면서 데이터가 손실될 수 있습니다.
C:\Users\sinoh\Desktop\git\test_net\Kyu\Client\Fortress\Game.cpp(676,62): warning C4244: '인수': 'double'에서 'int'(으)로 변환하면서 데이터가 손실될 수 있습니다.
C:\Users\sinoh\Desktop\git\test_net\Kyu\Client\Fortress\Game.cpp(676,55): warning C4244: '인수': 'double'에서 'int'(으)로 변환하면서 데이터가 손실될 수 있습니다.
C:\Users\sinoh\Desktop\git\test_net\Kyu\Client\Fortress\Game.cpp(680,62): warning C4244: '인수': 'double'에서 'int'(으)로 변환하면서 데이터가 손실될 수 있습니다.
C:\Users\sinoh\Desktop\git\test_net\Kyu\Client\Fortress\Game.cpp(680,55): warning C4244: '인수': 'double'에서 'int'(으)로 변환하면서 데이터가 손실될 수 있습니다.
C:\Users\sinoh\Desktop\git\test_net\Kyu\Client\Fortress\Game.cpp(687,62): warning C4244: '인수': 'double'에서 'int'(으)로 변환하면서 데이터가 손실될 수 있습니다.
C:\Users\sinoh\Desktop\git\test_net\Kyu\Client\Fortress\Game.cpp(687,55): warning C4244: '인수': 'double'에서 'int'(으)로 변환하면서 데이터가 손실될 수 있습니다.
C:\Users\sinoh\Desktop\git\test_net\Kyu\Client\Fortress\Game.cpp(691,62): warning C4244: '인수': 'double'에서 'int'(으)로 변환하면서 데이터가 손실될 수 있습니다.
C:\Users\sinoh\Desktop\git\test_net\Kyu\Client\Fortress\Game.cpp(691,55): warning C4244: '인수': 'double'에서 'int'(으)로 변환하면서 데이터가 손실될 수 있습니다.
C:\Users\sinoh\Desktop\git\test_net\Kyu\Client\Fortress\Game.cpp(695,62): warning C4244: '인수': 'double'에서 'int'(으)로 변환하면서 데이터가 손실될 수 있습니다.
C:\Users\sinoh\Desktop\git\test_net\Kyu\Client\Fortress\Game.cpp(695,55): warning C4244: '인수': 'double'에서 'int'(으)로 변환하면서 데이터가 손실될 수 있습니다.
C:\Users\sinoh\Desktop\git\test_net\Kyu\Client\Fortress\Game.cpp(699,62): warning C4244: '인수': 'double'에서 'int'(으)로 변환하면서 데이터가 손실될 수 있습니다.
C:\Users\sinoh\Desktop\git\test_net\Kyu\Client\Fortress\Game.cpp(699,55): warning C4244: '인수': 'double'에서 'int'(으)로 변환하면서 데이터가 손실될 수 있습니다.
C:\Users\sinoh\Desktop\git\test_net\Kyu\Client\Fortress\Game.cpp(709,53): warning C4244: '인수': 'double'에서 'int'(으)로 변환하면서 데이터가 손실될 수 있습니다.
C:\Users\sinoh\Desktop\git\test_net\Kyu\Client\Fortress\Game.cpp(709,45): warning C4244: '인수': 'double'에서 'int'(으)로 변환하면서 데이터가 손실될 수 있습니다.
C:\Users\sinoh\Desktop\git\test_net\Kyu\Client\Fortress\Game.cpp(713,53): warning C4244: '인수': 'double'에서 'int'(으)로 변환하면서 데이터가 손실될 수 있습니다.
C:\Users\sinoh\Desktop\git\test_net\Kyu\Client\Fortress\Game.cpp(713,45): warning C4244: '인수': 'double'에서 'int'(으)로 변환하면서 데이터가 손실될 수 있습니다.
C:\Users\sinoh\Desktop\git\test_net\Kyu\Client\Fortress\Game.cpp(717,53): warning C4244: '인수': 'double'에서 'int'(으)로 변환하면서 데이터가 손실될 수 있습니다.
C:\Users\sinoh\Desktop\git\test_net\Kyu\Client\Fortress\Game.cpp(717,45): warning C4244: '인수': 'double'에서 'int'(으)로 변환하면서 데이터가 손실될 수 있습니다.
C:\Users\sinoh\Desktop\git\test_net\Kyu\Client\Fortress\Game.cpp(726,57): warning C4244: '인수': 'double'에서 'int'(으)로 변환하면서 데이터가 손실될 수 있습니다.
C:\Users\sinoh\Desktop\git\test_net\Kyu\Client\Fortress\Game.cpp(726,49): warning C4244: '인수': 'double'에서 'int'(으)로 변환하면서 데이터가 손실될 수 있습니다.
C:\Users\sinoh\Desktop\git\test_net\Kyu\Client\Fortress\Game.cpp(730,57): warning C4244: '인수': 'double'에서 'int'(으)로 변환하면서 데이터가 손실될 수 있습니다.
C:\Users\sinoh\Desktop\git\test_net\Kyu\Client\Fortress\Game.cpp(730,49): warning C4244: '인수': 'double'에서 'int'(으)로 변환하면서 데이터가 손실될 수 있습니다.
C:\Users\sinoh\Desktop\git\test_net\Kyu\Client\Fortress\Game.cpp(736,57): warning C4244: '인수': 'double'에서 'int'(으)로 변환하면서 데이터가 손실될 수 있습니다.
C:\Users\sinoh\Desktop\git\test_net\Kyu\Client\Fortress\Game.cpp(736,49): warning C4244: '인수': 'double'에서 'int'(으)로 변환하면서 데이터가 손실될 수 있습니다.
C:\Users\sinoh\Desktop\git\test_net\Kyu\Client\Fortress\Game.cpp(740,57): warning C4244: '인수': 'double'에서 'int'(으)로 변환하면서 데이터가 손실될 수 있습니다.
C:\Users\sinoh\Desktop\git\test_net\Kyu\Client\Fortress\Game.cpp(740,49): warning C4244: '인수': 'double'에서 'int'(으)로 변환하면서 데이터가 손실될 수 있습니다.
C:\Users\sinoh\Desktop\git\test_net\Kyu\Client\Fortress\Game.cpp(744,57): warning C4244: '인수': 'double'에서 'int'(으)로 변환하면서 데이터가 손실될 수 있습니다.
C:\Users\sinoh\Desktop\git\test_net\Kyu\Client\Fortress\Game.cpp(744,49): warning C4244: '인수': 'double'에서 'int'(으)로 변환하면서 데이터가 손실될 수 있습니다.
C:\Users\sinoh\Desktop\git\test_net\Kyu\Client\Fortress\Game.cpp(748,57): warning C4244: '인수': 'double'에서 'int'(으)로 변환하면서 데이터가 손실될 수 있습니다.
C:\Users\sinoh\Desktop\git\test_net\Kyu\Client\Fortress\Game.cpp(748,49): warning C4244: '인수': 'double'에서 'int'(으)로 변환하면서 데이터가 손실될 수 있습니다.
C:\Users\sinoh\Desktop\git\test_net\Kyu\Client\Fortress\Game.cpp(755,57): warning C4244: '인수': 'double'에서 'int'(으)로 변환하면서 데이터가 손실될 수 있습니다.
C:\Users\sinoh\Desktop\git\test_net\Kyu\Client\Fortress\Game.cpp(755,49): warning C4244: '인수': 'double'에서 'int'(으)로 변환하면서 데이터가 손실될 수 있습니다.
C:\Users\sinoh\Desktop\git\test_net\Kyu\Client\Fortress\Game.cpp(759,57): warning C4244: '인수': 'double'에서 'int'(으)로 변환하면서 데이터가 손실될 수 있습니다.
C:\Users\sinoh\Desktop\git\test_net\Kyu\Client\Fortress\Game.cpp(759,49): warning C4244: '인수': 'double'에서 'int'(으)로 변환하면서 데이터가 손실될 수 있습니다.
C:\Users\sinoh\Desktop\git\test_net\Kyu\Client\Fortress\Game.cpp(763,57): warning C4244: '인수': 'double'에서 'int'(으)로 변환하면서 데이터가 손실될 수 있습니다.
C:\Users\sinoh\Desktop\git\test_net\Kyu\Client\Fortress\Game.cpp(763,49): warning C4244: '인수': 'double'에서 'int'(으)로 변환하면서 데이터가 손실될 수 있습니다.
C:\Users\sinoh\Desktop\git\test_net\Kyu\Client\Fortress\Game.cpp(767,57): warning C4244: '인수': 'double'에서 'int'(으)로 변환하면서 데이터가 손실될 수 있습니다.
C:\Users\sinoh\Desktop\git\test_net\Kyu\Client\Fortress\Game.cpp(767,49): warning C4244: '인수': 'double'에서 'int'(으)로 변환하면서 데이터가 손실될 수 있습니다.
C:\Users\sinoh\Desktop\git\test_net\Kyu\Client\Fortress\Game.cpp(776,53): warning C4244: '인수': 'double'에서 'int'(으)로 변환하면서 데이터가 손실될 수 있습니다.
C:\Users\sinoh\Desktop\git\test_net\Kyu\Client\Fortress\Game.cpp(776,45): warning C4244: '인수': 'double'에서 'int'(으)로 변환하면서 데이터가 손실될 수 있습니다.
C:\Users\sinoh\Desktop\git\test_net\Kyu\Client\Fortress\Game.cpp(780,53): warning C4244: '인수': 'double'에서 'int'(으)로 변환하면서 데이터가 손실될 수 있습니다.
C:\Users\sinoh\Desktop\git\test_net\Kyu\Client\Fortress\Game.cpp(780,45): warning C4244: '인수': 'double'에서 'int'(으)로 변환하면서 데이터가 손실될 수 있습니다.
C:\Users\sinoh\Desktop\git\test_net\Kyu\Client\Fortress\Game.cpp(784,53): warning C4244: '인수': 'double'에서 'int'(으)로 변환하면서 데이터가 손실될 수 있습니다.
C:\Users\sinoh\Desktop\git\test_net\Kyu\Client\Fortress\Game.cpp(784,45): warning C4244: '인수': 'double'에서 'int'(으)로 변환하면서 데이터가 손실될 수 있습니다.
C:\Users\sinoh\Desktop\git\test_net\Kyu\Client\Fortress\Game.cpp(792,53): warning C4244: '인수': 'double'에서 'int'(으)로 변환하면서 데이터가 손실될 수 있습니다.
C:\Users\sinoh\Desktop\git\test_net\Kyu\Client\Fortress\Game.cpp(792,45): warning C4244: '인수': 'double'에서 'int'(으)로 변환하면서 데이터가 손실될 수 있습니다.
C:\Users\sinoh\Desktop\git\test_net\Kyu\Client\Fortress\Game.cpp(796,53): warning C4244: '인수': 'double'에서 'int'(으)로 변환하면서 데이터가 손실될 수 있습니다.
C:\Users\sinoh\Desktop\git\test_net\Kyu\Client\Fortress\Game.cpp(796,45): warning C4244: '인수': 'double'에서 'int'(으)로 변환하면서 데이터가 손실될 수 있습니다.
C:\Users\sinoh\Desktop\git\test_net\Kyu\Client\Fortress\Game.cpp(800,53): warning C4244: '인수': 'double'에서 'int'(으)로 변환하면서 데이터가 손실될 수 있습니다.
C:\Users\sinoh\Desktop\git\test_net\Kyu\Client\Fortress\Game.cpp(800,45): warning C4244: '인수': 'double'에서 'int'(으)로 변환하면서 데이터가 손실될 수 있습니다.
C:\Users\sinoh\Desktop\git\test_net\Kyu\Client\Fortress\Game.cpp(809,57): warning C4244: '인수': 'double'에서 'int'(으)로 변환하면서 데이터가 손실될 수 있습니다.
C:\Users\sinoh\Desktop\git\test_net\Kyu\Client\Fortress\Game.cpp(809,49): warning C4244: '인수': 'double'에서 'int'(으)로 변환하면서 데이터가 손실될 수 있습니다.
C:\Users\sinoh\Desktop\git\test_net\Kyu\Client\Fortress\Game.cpp(813,57): warning C4244: '인수': 'double'에서 'int'(으)로 변환하면서 데이터가 손실될 수 있습니다.
C:\Users\sinoh\Desktop\git\test_net\Kyu\Client\Fortress\Game.cpp(813,49): warning C4244: '인수': 'double'에서 'int'(으)로 변환하면서 데이터가 손실될 수 있습니다.
C:\Users\sinoh\Desktop\git\test_net\Kyu\Client\Fortress\Game.cpp(819,62): warning C4244: '인수': 'double'에서 'int'(으)로 변환하면서 데이터가 손실될 수 있습니다.
C:\Users\sinoh\Desktop\git\test_net\Kyu\Client\Fortress\Game.cpp(819,55): warning C4244: '인수': 'double'에서 'int'(으)로 변환하면서 데이터가 손실될 수 있습니다.
C:\Users\sinoh\Desktop\git\test_net\Kyu\Client\Fortress\Game.cpp(823,62): warning C4244: '인수': 'double'에서 'int'(으)로 변환하면서 데이터가 손실될 수 있습니다.
C:\Users\sinoh\Desktop\git\test_net\Kyu\Client\Fortress\Game.cpp(823,55): warning C4244: '인수': 'double'에서 'int'(으)로 변환하면서 데이터가 손실될 수 있습니다.
C:\Users\sinoh\Desktop\git\test_net\Kyu\Client\Fortress\Game.cpp(827,62): warning C4244: '인수': 'double'에서 'int'(으)로 변환하면서 데이터가 손실될 수 있습니다.
C:\Users\sinoh\Desktop\git\test_net\Kyu\Client\Fortress\Game.cpp(827,55): warning C4244: '인수': 'double'에서 'int'(으)로 변환하면서 데이터가 손실될 수 있습니다.
C:\Users\sinoh\Desktop\git\test_net\Kyu\Client\Fortress\Game.cpp(831,62): warning C4244: '인수': 'double'에서 'int'(으)로 변환하면서 데이터가 손실될 수 있습니다.
C:\Users\sinoh\Desktop\git\test_net\Kyu\Client\Fortress\Game.cpp(831,55): warning C4244: '인수': 'double'에서 'int'(으)로 변환하면서 데이터가 손실될 수 있습니다.
C:\Users\sinoh\Desktop\git\test_net\Kyu\Client\Fortress\Game.cpp(838,62): warning C4244: '인수': 'double'에서 'int'(으)로 변환하면서 데이터가 손실될 수 있습니다.
C:\Users\sinoh\Desktop\git\test_net\Kyu\Client\Fortress\Game.cpp(838,55): warning C4244: '인수': 'double'에서 'int'(으)로 변환하면서 데이터가 손실될 수 있습니다.
C:\Users\sinoh\Desktop\git\test_net\Kyu\Client\Fortress\Game.cpp(842,62): warning C4244: '인수': 'double'에서 'int'(으)로 변환하면서 데이터가 손실될 수 있습니다.
C:\Users\sinoh\Desktop\git\test_net\Kyu\Client\Fortress\Game.cpp(842,55): warning C4244: '인수': 'double'에서 'int'(으)로 변환하면서 데이터가 손실될 수 있습니다.
C:\Users\sinoh\Desktop\git\test_net\Kyu\Client\Fortress\Game.cpp(846,62): warning C4244: '인수': 'double'에서 'int'(으)로 변환하면서 데이터가 손실될 수 있습니다.
C:\Users\sinoh\Desktop\git\test_net\Kyu\Client\Fortress\Game.cpp(846,55): warning C4244: '인수': 'double'에서 'int'(으)로 변환하면서 데이터가 손실될 수 있습니다.
C:\Users\sinoh\Desktop\git\test_net\Kyu\Client\Fortress\Game.cpp(850,62): warning C4244: '인수': 'double'에서 'int'(으)로 변환하면서 데이터가 손실될 수 있습니다.
C:\Users\sinoh\Desktop\git\test_net\Kyu\Client\Fortress\Game.cpp(850,55): warning C4244: '인수': 'double'에서 'int'(으)로 변환하면서 데이터가 손실될 수 있습니다.
C:\Users\sinoh\Desktop\git\test_net\Kyu\Client\Fortress\Game.cpp(956,63): warning C4244: '인수': 'double'에서 'int'(으)로 변환하면서 데이터가 손실될 수 있습니다.
C:\Users\sinoh\Desktop\git\test_net\Kyu\Client\Fortress\Game.cpp(956,52): warning C4244: '인수': 'double'에서 'int'(으)로 변환하면서 데이터가 손실될 수 있습니다.
C:\Users\sinoh\Desktop\git\test_net\Kyu\Client\Fortress\Game.cpp(958,63): warning C4244: '인수': 'double'에서 'int'(으)로 변환하면서 데이터가 손실될 수 있습니다.
C:\Users\sinoh\Desktop\git\test_net\Kyu\Client\Fortress\Game.cpp(958,52): warning C4244: '인수': 'double'에서 'int'(으)로 변환하면서 데이터가 손실될 수 있습니다.
C:\Users\sinoh\Desktop\git\test_net\Kyu\Client\Fortress\Game.cpp(960,63): warning C4244: '인수': 'double'에서 'int'(으)로 변환하면서 데이터가 손실될 수 있습니다.
C:\Users\sinoh\Desktop\git\test_net\Kyu\Client\Fortress\Game.cpp(960,52): warning C4244: '인수': 'double'에서 'int'(으)로 변환하면서 데이터가 손실될 수 있습니다.
C:\Users\sinoh\Desktop\git\test_net\Kyu\Client\Fortress\Game.cpp(962,63): warning C4244: '인수': 'double'에서 'int'(으)로 변환하면서 데이터가 손실될 수 있습니다.
C:\Users\sinoh\Desktop\git\test_net\Kyu\Client\Fortress\Game.cpp(962,52): warning C4244: '인수': 'double'에서 'int'(으)로 변환하면서 데이터가 손실될 수 있습니다.
C:\Users\sinoh\Desktop\git\test_net\Kyu\Client\Fortress\Game.cpp(970,63): warning C4244: '인수': 'double'에서 'int'(으)로 변환하면서 데이터가 손실될 수 있습니다.
C:\Users\sinoh\Desktop\git\test_net\Kyu\Client\Fortress\Game.cpp(970,52): warning C4244: '인수': 'double'에서 'int'(으)로 변환하면서 데이터가 손실될 수 있습니다.
C:\Users\sinoh\Desktop\git\test_net\Kyu\Client\Fortress\Game.cpp(972,63): warning C4244: '인수': 'double'에서 'int'(으)로 변환하면서 데이터가 손실될 수 있습니다.
C:\Users\sinoh\Desktop\git\test_net\Kyu\Client\Fortress\Game.cpp(972,52): warning C4244: '인수': 'double'에서 'int'(으)로 변환하면서 데이터가 손실될 수 있습니다.
C:\Users\sinoh\Desktop\git\test_net\Kyu\Client\Fortress\Game.cpp(974,63): warning C4244: '인수': 'double'에서 'int'(으)로 변환하면서 데이터가 손실될 수 있습니다.
C:\Users\sinoh\Desktop\git\test_net\Kyu\Client\Fortress\Game.cpp(974,52): warning C4244: '인수': 'double'에서 'int'(으)로 변환하면서 데이터가 손실될 수 있습니다.
C:\Users\sinoh\Desktop\git\test_net\Kyu\Client\Fortress\Game.cpp(976,63): warning C4244: '인수': 'double'에서 'int'(으)로 변환하면서 데이터가 손실될 수 있습니다.
C:\Users\sinoh\Desktop\git\test_net\Kyu\Client\Fortress\Game.cpp(976,52): warning C4244: '인수': 'double'에서 'int'(으)로 변환하면서 데이터가 손실될 수 있습니다.
C:\Users\sinoh\Desktop\git\test_net\Kyu\Client\Fortress\Game.cpp(985,63): warning C4244: '인수': 'double'에서 'int'(으)로 변환하면서 데이터가 손실될 수 있습니다.
C:\Users\sinoh\Desktop\git\test_net\Kyu\Client\Fortress\Game.cpp(985,52): warning C4244: '인수': 'double'에서 'int'(으)로 변환하면서 데이터가 손실될 수 있습니다.
C:\Users\sinoh\Desktop\git\test_net\Kyu\Client\Fortress\Game.cpp(987,63): warning C4244: '인수': 'double'에서 'int'(으)로 변환하면서 데이터가 손실될 수 있습니다.
C:\Users\sinoh\Desktop\git\test_net\Kyu\Client\Fortress\Game.cpp(987,52): warning C4244: '인수': 'double'에서 'int'(으)로 변환하면서 데이터가 손실될 수 있습니다.
C:\Users\sinoh\Desktop\git\test_net\Kyu\Client\Fortress\Game.cpp(989,63): warning C4244: '인수': 'double'에서 'int'(으)로 변환하면서 데이터가 손실될 수 있습니다.
C:\Users\sinoh\Desktop\git\test_net\Kyu\Client\Fortress\Game.cpp(989,52): warning C4244: '인수': 'double'에서 'int'(으)로 변환하면서 데이터가 손실될 수 있습니다.
C:\Users\sinoh\Desktop\git\test_net\Kyu\Client\Fortress\Game.cpp(991,63): warning C4244: '인수': 'double'에서 'int'(으)로 변환하면서 데이터가 손실될 수 있습니다.
C:\Users\sinoh\Desktop\git\test_net\Kyu\Client\Fortress\Game.cpp(991,52): warning C4244: '인수': 'double'에서 'int'(으)로 변환하면서 데이터가 손실될 수 있습니다.
C:\Users\sinoh\Desktop\git\test_net\Kyu\Client\Fortress\Game.cpp(999,63): warning C4244: '인수': 'double'에서 'int'(으)로 변환하면서 데이터가 손실될 수 있습니다.
C:\Users\sinoh\Desktop\git\test_net\Kyu\Client\Fortress\Game.cpp(999,52): warning C4244: '인수': 'double'에서 'int'(으)로 변환하면서 데이터가 손실될 수 있습니다.
C:\Users\sinoh\Desktop\git\test_net\Kyu\Client\Fortress\Game.cpp(1001,63): warning C4244: '인수': 'double'에서 'int'(으)로 변환하면서 데이터가 손실될 수 있습니다.
C:\Users\sinoh\Desktop\git\test_net\Kyu\Client\Fortress\Game.cpp(1001,52): warning C4244: '인수': 'double'에서 'int'(으)로 변환하면서 데이터가 손실될 수 있습니다.
C:\Users\sinoh\Desktop\git\test_net\Kyu\Client\Fortress\Game.cpp(1003,63): warning C4244: '인수': 'double'에서 'int'(으)로 변환하면서 데이터가 손실될 수 있습니다.
C:\Users\sinoh\Desktop\git\test_net\Kyu\Client\Fortress\Game.cpp(1003,52): warning C4244: '인수': 'double'에서 'int'(으)로 변환하면서 데이터가 손실될 수 있습니다.
C:\Users\sinoh\Desktop\git\test_net\Kyu\Client\Fortress\Game.cpp(1005,63): warning C4244: '인수': 'double'에서 'int'(으)로 변환하면서 데이터가 손실될 수 있습니다.
C:\Users\sinoh\Desktop\git\test_net\Kyu\Client\Fortress\Game.cpp(1005,52): warning C4244: '인수': 'double'에서 'int'(으)로 변환하면서 데이터가 손실될 수 있습니다.
C:\Users\sinoh\Desktop\git\test_net\Kyu\Client\Fortress\Game.cpp(1040,54): warning C4244: '인수': 'double'에서 'int'(으)로 변환하면서 데이터가 손실될 수 있습니다.
C:\Users\sinoh\Desktop\git\test_net\Kyu\Client\Fortress\Game.cpp(1040,46): warning C4244: '인수': 'double'에서 'int'(으)로 변환하면서 데이터가 손실될 수 있습니다.
C:\Users\sinoh\Desktop\git\test_net\Kyu\Client\Fortress\Game.cpp(1048,56): warning C4244: '인수': 'double'에서 'int'(으)로 변환하면서 데이터가 손실될 수 있습니다.
C:\Users\sinoh\Desktop\git\test_net\Kyu\Client\Fortress\Game.cpp(1048,48): warning C4244: '인수': 'double'에서 'int'(으)로 변환하면서 데이터가 손실될 수 있습니다.
C:\Users\sinoh\Desktop\git\test_net\Kyu\Client\Fortress\Game.cpp(1054,54): warning C4244: '인수': 'double'에서 'int'(으)로 변환하면서 데이터가 손실될 수 있습니다.
C:\Users\sinoh\Desktop\git\test_net\Kyu\Client\Fortress\Game.cpp(1054,46): warning C4244: '인수': 'double'에서 'int'(으)로 변환하면서 데이터가 손실될 수 있습니다.
C:\Users\sinoh\Desktop\git\test_net\Kyu\Client\Fortress\Game.cpp(1062,56): warning C4244: '인수': 'double'에서 'int'(으)로 변환하면서 데이터가 손실될 수 있습니다.
C:\Users\sinoh\Desktop\git\test_net\Kyu\Client\Fortress\Game.cpp(1062,48): warning C4244: '인수': 'double'에서 'int'(으)로 변환하면서 데이터가 손실될 수 있습니다.
C:\Users\sinoh\Desktop\git\test_net\Kyu\Client\Fortress\Game.cpp(1072,55): warning C4244: '인수': 'double'에서 'int'(으)로 변환하면서 데이터가 손실될 수 있습니다.
C:\Users\sinoh\Desktop\git\test_net\Kyu\Client\Fortress\Game.cpp(1072,44): warning C4244: '인수': 'double'에서 'int'(으)로 변환하면서 데이터가 손실될 수 있습니다.
C:\Users\sinoh\Desktop\git\test_net\Kyu\Client\Fortress\Game.cpp(1076,55): warning C4244: '인수': 'double'에서 'int'(으)로 변환하면서 데이터가 손실될 수 있습니다.
C:\Users\sinoh\Desktop\git\test_net\Kyu\Client\Fortress\Game.cpp(1076,44): warning C4244: '인수': 'double'에서 'int'(으)로 변환하면서 데이터가 손실될 수 있습니다.
C:\Users\sinoh\Desktop\git\test_net\Kyu\Client\Fortress\Game.cpp(1092,42): warning C4244: '인수': 'double'에서 'int'(으)로 변환하면서 데이터가 손실될 수 있습니다.
C:\Users\sinoh\Desktop\git\test_net\Kyu\Client\Fortress\Game.cpp(1092,35): warning C4244: '인수': 'double'에서 'int'(으)로 변환하면서 데이터가 손실될 수 있습니다.
C:\Users\sinoh\Desktop\git\test_net\Kyu\Client\Fortress\Game.cpp(1117,55): warning C4244: '인수': 'double'에서 'int'(으)로 변환하면서 데이터가 손실될 수 있습니다.
C:\Users\sinoh\Desktop\git\test_net\Kyu\Client\Fortress\Game.cpp(1117,44): warning C4244: '인수': 'double'에서 'int'(으)로 변환하면서 데이터가 손실될 수 있습니다.
C:\Users\sinoh\Desktop\git\test_net\Kyu\Client\Fortress\Game.cpp(1121,55): warning C4244: '인수': 'double'에서 'int'(으)로 변환하면서 데이터가 손실될 수 있습니다.
C:\Users\sinoh\Desktop\git\test_net\Kyu\Client\Fortress\Game.cpp(1121,44): warning C4244: '인수': 'double'에서 'int'(으)로 변환하면서 데이터가 손실될 수 있습니다.
C:\Users\sinoh\Desktop\git\test_net\Kyu\Client\Fortress\Game.cpp(1135,42): warning C4244: '인수': 'double'에서 'int'(으)로 변환하면서 데이터가 손실될 수 있습니다.
C:\Users\sinoh\Desktop\git\test_net\Kyu\Client\Fortress\Game.cpp(1135,35): warning C4244: '인수': 'double'에서 'int'(으)로 변환하면서 데이터가 손실될 수 있습니다.
C:\Users\sinoh\Desktop\git\test_net\Kyu\Client\Fortress\Game.cpp(1172,24): warning C4244: '인수': 'double'에서 'int'(으)로 변환하면서 데이터가 손실될 수 있습니다.
C:\Users\sinoh\Desktop\git\test_net\Kyu\Client\Fortress\Game.cpp(1172,16): warning C4244: '인수': 'double'에서 'int'(으)로 변환하면서 데이터가 손실될 수 있습니다.
C:\Users\sinoh\Desktop\git\test_net\Kyu\Client\Fortress\Game.cpp(1196,24): warning C4244: '인수': 'double'에서 'int'(으)로 변환하면서 데이터가 손실될 수 있습니다.
C:\Users\sinoh\Desktop\git\test_net\Kyu\Client\Fortress\Game.cpp(1196,16): warning C4244: '인수': 'double'에서 'int'(으)로 변환하면서 데이터가 손실될 수 있습니다.
C:\Users\sinoh\Desktop\git\test_net\Kyu\Client\Fortress\Game.cpp(1986,43): warning C4244: '인수': 'double'에서 'int'(으)로 변환하면서 데이터가 손실될 수 있습니다.
C:\Users\sinoh\Desktop\git\test_net\Kyu\Client\Fortress\Game.cpp(1986,35): warning C4244: '인수': 'double'에서 'int'(으)로 변환하면서 데이터가 손실될 수 있습니다.
C:\Users\sinoh\Desktop\git\test_net\Kyu\Client\Fortress\Game.cpp(1987,43): warning C4244: '인수': 'double'에서 'int'(으)로 변환하면서 데이터가 손실될 수 있습니다.
C:\Users\sinoh\Desktop\git\test_net\Kyu\Client\Fortress\Game.cpp(1987,35): warning C4244: '인수': 'double'에서 'int'(으)로 변환하면서 데이터가 손실될 수 있습니다.
C:\Users\sinoh\Desktop\git\test_net\Kyu\Client\Fortress\Game.cpp(2231,28): warning C4244: '=': 'double'에서 'int'(으)로 변환하면서 데이터가 손실될 수 있습니다.
C:\Users\sinoh\Desktop\git\test_net\Kyu\Client\Fortress\Game.cpp(2232,28): warning C4244: '=': 'double'에서 'int'(으)로 변환하면서 데이터가 손실될 수 있습니다.
  Player.cpp
C:\Users\sinoh\Desktop\git\test_net\Kyu\Client\Fortress\Player.cpp(105,46): warning C4244: '인수': 'double'에서 'int'(으)로 변환하면서 데이터가 손실될 수 있습니다.
C:\Users\sinoh\Desktop\git\test_net\Kyu\Client\Fortress\Player.cpp(105,34): warning C4244: '인수': 'double'에서 'int'(으)로 변환하면서 데이터가 손실될 수 있습니다.
C:\Users\sinoh\Desktop\git\test_net\Kyu\Client\Fortress\Player.cpp(105,24): warning C4244: '인수': 'double'에서 'int'(으)로 변환하면서 데이터가 손실될 수 있습니다.
C:\Users\sinoh\Desktop\git\test_net\Kyu\Client\Fortress\Player.cpp(105,18): warning C4244: '인수': 'double'에서 'int'(으)로 변환하면서 데이터가 손실될 수 있습니다.
  코드를 생성하고 있습니다...
  Fortress.vcxproj -> C:\Users\sinoh\Desktop\git\test_net\Kyu\Client\x64\Debug\Fortress.exe
